Determining if the function sgemm_ exists failed with the following output:
Change Dir: /home/jetson/UAV2/build_isolated/zed_nodelets/CMakeFiles/CMakeTmp

Run Build Command(s):/usr/bin/make cmTC_347e4/fast && /usr/bin/make -f CMakeFiles/cmTC_347e4.dir/build.make CMakeFiles/cmTC_347e4.dir/build
make[1]: Entering directory '/home/jetson/UAV2/build_isolated/zed_nodelets/CMakeFiles/CMakeTmp'
Building C object CMakeFiles/cmTC_347e4.dir/CheckFunctionExists.c.o
/usr/bin/cc   -DCHECK_FUNCTION_EXISTS=sgemm_   -o CMakeFiles/cmTC_347e4.dir/CheckFunctionExists.c.o   -c /usr/share/cmake-3.16/Modules/CheckFunctionExists.c
Linking C executable cmTC_347e4
/usr/bin/cmake -E cmake_link_script CMakeFiles/cmTC_347e4.dir/link.txt --verbose=1
/usr/bin/cc  -DCHECK_FUNCTION_EXISTS=sgemm_    CMakeFiles/cmTC_347e4.dir/CheckFunctionExists.c.o  -o cmTC_347e4 
/usr/bin/ld: CMakeFiles/cmTC_347e4.dir/CheckFunctionExists.c.o: in function `main':
CheckFunctionExists.c:(.text+0x10): undefined reference to `sgemm_'
collect2: error: ld returned 1 exit status
make[1]: *** [CMakeFiles/cmTC_347e4.dir/build.make:87: cmTC_347e4] Error 1
make[1]: Leaving directory '/home/jetson/UAV2/build_isolated/zed_nodelets/CMakeFiles/CMakeTmp'
make: *** [Makefile:121: cmTC_347e4/fast] Error 2



Performing C SOURCE FILE Test CMAKE_HAVE_LIBC_PTHREAD failed with the following output:
Change Dir: /home/jetson/UAV2/build_isolated/zed_nodelets/CMakeFiles/CMakeTmp

Run Build Command(s):/usr/bin/make cmTC_2aa0c/fast && /usr/bin/make -f CMakeFiles/cmTC_2aa0c.dir/build.make CMakeFiles/cmTC_2aa0c.dir/build
make[1]: Entering directory '/home/jetson/UAV2/build_isolated/zed_nodelets/CMakeFiles/CMakeTmp'
Building C object CMakeFiles/cmTC_2aa0c.dir/src.c.o
/usr/bin/cc   -DCMAKE_HAVE_LIBC_PTHREAD   -o CMakeFiles/cmTC_2aa0c.dir/src.c.o   -c /home/jetson/UAV2/build_isolated/zed_nodelets/CMakeFiles/CMakeTmp/src.c
Linking C executable cmTC_2aa0c
/usr/bin/cmake -E cmake_link_script CMakeFiles/cmTC_2aa0c.dir/link.txt --verbose=1
/usr/bin/cc  -DCMAKE_HAVE_LIBC_PTHREAD    CMakeFiles/cmTC_2aa0c.dir/src.c.o  -o cmTC_2aa0c 
/usr/bin/ld: CMakeFiles/cmTC_2aa0c.dir/src.c.o: in function `main':
src.c:(.text+0x48): undefined reference to `pthread_create'
/usr/bin/ld: src.c:(.text+0x50): undefined reference to `pthread_detach'
/usr/bin/ld: src.c:(.text+0x5c): undefined reference to `pthread_join'
collect2: error: ld returned 1 exit status
make[1]: *** [CMakeFiles/cmTC_2aa0c.dir/build.make:87: cmTC_2aa0c] Error 1
make[1]: Leaving directory '/home/jetson/UAV2/build_isolated/zed_nodelets/CMakeFiles/CMakeTmp'
make: *** [Makefile:121: cmTC_2aa0c/fast] Error 2


Source file was:
#include <pthread.h>

void* test_func(void* data)
{
  return data;
}

int main(void)
{
  pthread_t thread;
  pthread_create(&thread, NULL, test_func, NULL);
  pthread_detach(thread);
  pthread_join(thread, NULL);
  pthread_atfork(NULL, NULL, NULL);
  pthread_exit(NULL);

  return 0;
}

Determining if the function pthread_create exists in the pthreads failed with the following output:
Change Dir: /home/jetson/UAV2/build_isolated/zed_nodelets/CMakeFiles/CMakeTmp

Run Build Command(s):/usr/bin/make cmTC_19fa2/fast && /usr/bin/make -f CMakeFiles/cmTC_19fa2.dir/build.make CMakeFiles/cmTC_19fa2.dir/build
make[1]: Entering directory '/home/jetson/UAV2/build_isolated/zed_nodelets/CMakeFiles/CMakeTmp'
Building C object CMakeFiles/cmTC_19fa2.dir/CheckFunctionExists.c.o
/usr/bin/cc   -DCHECK_FUNCTION_EXISTS=pthread_create   -o CMakeFiles/cmTC_19fa2.dir/CheckFunctionExists.c.o   -c /usr/share/cmake-3.16/Modules/CheckFunctionExists.c
Linking C executable cmTC_19fa2
/usr/bin/cmake -E cmake_link_script CMakeFiles/cmTC_19fa2.dir/link.txt --verbose=1
/usr/bin/cc  -DCHECK_FUNCTION_EXISTS=pthread_create    CMakeFiles/cmTC_19fa2.dir/CheckFunctionExists.c.o  -o cmTC_19fa2  -lpthreads 
/usr/bin/ld: cannot find -lpthreads
collect2: error: ld returned 1 exit status
make[1]: *** [CMakeFiles/cmTC_19fa2.dir/build.make:87: cmTC_19fa2] Error 1
make[1]: Leaving directory '/home/jetson/UAV2/build_isolated/zed_nodelets/CMakeFiles/CMakeTmp'
make: *** [Makefile:121: cmTC_19fa2/fast] Error 2



